SonarCloud plugins:
  - IaC Code Quality and Security 1.6.0.1852 (iac)
  - PL/SQL Code Quality and Security 3.7.0.4372 (plsql)
  - Scala Code Quality and Security 1.9.0.3429 (sonarscala)
  - C# Code Quality and Security 8.36.1.44192 (csharp)
  - Vulnerability Analysis 9.4.0-M1.15235 (security)
  - Java Code Quality and Security 7.9.0.28969 (java)
  - HTML Code Quality and Security 3.6.0.3106 (web)
  - Flex Code Quality and Security 2.7.0.2865 (flex)
  - XML Code Quality and Security 2.5.0.3376 (xml)
  - Text file Code Quality and Security 1.0.0.120 (text)
  - VB.NET Code Quality and Security 8.36.1.44192 (vbnet)
  - Swift Code Quality and Security 4.5.0.5305 (swift)
  - CFamily Code Quality and Security 6.32.0.44918 (cpp)
  - Python Code Quality and Security 3.10.0.9380 (python)
  - Go Code Quality and Security 1.9.0.3429 (go)
  - JaCoCo 1.1.1.1157 (jacoco)
  - Kotlin Code Quality and Security 2.9.0.1147 (kotlin)
  - Mercurial 1.1.2 (scmmercurial)
  - T-SQL Code Quality and Security 1.6.0.4844 (tsql)
  - Apex Code Quality and Security 1.9.0.3429 (sonarapex)
  - JavaScript/TypeScript Code Quality and Security 9.0.0.17505 (javascript)
  - Ruby Code Quality and Security 1.9.0.3429 (ruby)
  - Vulnerability Rules for C# 9.4.0-M1.15235 (securitycsharpfrontend)
  - Vulnerability Rules for Java 9.4.0-M1.15235 (securityjavafrontend)
  - License for SonarLint 8.0.0.27701 (license)
  - Vulnerability Rules for JS 9.4.0-M1.15235 (securityjsfrontend)
  - COBOL Code Quality 4.6.2.4876 (cobol)
  - Vulnerability Rules for Python 9.4.0-M1.15235 (securitypythonfrontend)
  - PHP Code Quality and Security 3.23.0.8726 (php)
  - ABAP Code Quality and Security 3.10.0.3628 (abap)
  - Configuration detection fot Code Quality and Security 1.2.0.267 (config)
  - Vulnerability Rules for PHP 9.4.0-M1.15235 (securityphpfrontend)
Global server settings:
  - email.from=noreply@sonarcloud.io
  - email.fromName=SonarCloud
  - email.prefix=[SonarCloud]
  - node_10_end_of_support_date=1620604800000
  - node_10_grace_period_termination_date=1621814400000
  - sonar.auth.bitbucket.enabled=true
  - sonar.auth.microsoft.enabled=true
  - sonar.core.id=1BD809FA-AWHW8ct9-T_TB3XqouNu
  - sonar.core.serverBaseURL=https://sonarcloud.io
  - sonar.core.startTime=2022-03-21T11:50:32+0100
  - sonar.dbcleaner.weeksBeforeDeletingAllSnapshots=260
  - sonar.dbcleaner.weeksBeforeKeepingOnlyOneSnapshotByMonth=4
  - sonar.dbcleaner.weeksBeforeKeepingOnlyOneSnapshotByWeek=1
  - sonar.global.exclusions=**/build-wrapper-dump.json
  - sonar.lf.enableGravatar=true
  - sonar.lf.logoWidthPx=105
  - sonar.maintenance_mode.link=https://sonarcloud.statuspage.io/incidents/66vlr4dc3jwy
  - sonar.maintenance_mode.message=SonarCloud will undergo maintenance on Saturday, March 26th.
The service will not be available between 6:15 and 9:00 CET
The service will be partially available between 9:00 and 23:00 CET. During that period, results of analyses performed prior to 6:15 may not be available. Results of analysis performed after 9:00 will be available.
  - sonar.maintenance_mode.start_date=2022-03-28T06:15:00.000+01:00
  - sonar.organizations.anyoneCanCreate=true
  - sonar.organizations.createPersonalOrg=true
  - sonar.plsql.file.suffixes=sql,tab,pkb
  - sonar.tsql.file.suffixes=.tsql
Project server settings:
  - sonar.autoscan.enabled=false
  - sonar.coverage.jacoco.xmlReportPaths=sonar.coverage.jacoco.xmlReportPaths
  - sonar.javascript.lcov.reportPaths=sonar.javascript.lcov.reportPaths
Project scanner properties:
  - sonar.exclusions=**/node_modules/**,**/*.spec.js,**/*.stories.js,**/*.stories.jsx
  - sonar.host.url=https://sonarcloud.io
  - sonar.javascript.lcov.reportPaths=coverage/lcov.info
  - sonar.login=******
  - sonar.organization=mohammed-sameeruddin
  - sonar.projectBaseDir=/home/mdsame/Documents/zemoso-training/react/blinkist/MyApp/blinkist
  - sonar.projectKey=Mohammed-Sameeruddin_blinkist
  - sonar.scanner.app=ScannerNpm
  - sonar.scanner.appVersion=2.8.1
  - sonar.sourceEncoding=UTF-8
  - sonar.sources=.
  - sonar.test.exclusions=**/*.png, **/*.jpg
  - sonar.test.inclusions=**/*.test.js,**/*.test.jsx
  - sonar.tests=src
  - sonar.working.directory=/home/mdsame/Documents/zemoso-training/react/blinkist/MyApp/blinkist/.scannerwork
